<?xml version="1.0" encoding="UTF-8"?>
<!-- Generated by org.testng.reporters.JUnitReportReporter -->
<testsuite hostname="Fidas-MacBook-Pro.local" failures="0" tests="2" name="paxTransport.airlines.deltaAirLines.account_mgmt.SignInSignOutTest" time="14.415" errors="0" timestamp="2020-04-30T19:41:26 EDT" skipped="0">
  <testcase classname="paxTransport.airlines.deltaAirLines.account_mgmt.SignInSignOutTest" name="validLoginTest" time="3.583"/>
  <system-out/>
  <testcase classname="paxTransport.airlines.deltaAirLines.account_mgmt.SignInSignOutTest" name="logout" time="10.832"/>
  <system-out/>
</testsuite> <!-- paxTransport.airlines.deltaAirLines.account_mgmt.SignInSignOutTest -->
