<?xml version="1.0" encoding="UTF-8"?>
<!-- Generated by org.testng.reporters.JUnitReportReporter -->
<testsuite hostname="Fidas-MacBook-Pro.local" failures="0" tests="2" name="paxTransport.airlines.deltaAirLines.account_mgmt.SignInSignOutTest" time="14.096" errors="0" timestamp="2020-04-30T02:32:59 EDT" skipped="0">
  <testcase classname="paxTransport.airlines.deltaAirLines.account_mgmt.SignInSignOutTest" name="logout" time="10.741"/>
  <system-out/>
  <testcase classname="paxTransport.airlines.deltaAirLines.account_mgmt.SignInSignOutTest" name="loginTest" time="3.355"/>
  <system-out/>
</testsuite> <!-- paxTransport.airlines.deltaAirLines.account_mgmt.SignInSignOutTest -->
