<?xml version="1.0" encoding="UTF-8"?>
<!-- Generated by org.testng.reporters.JUnitReportReporter -->
<testsuite hostname="Fidas-MacBook-Pro.local" failures="0" tests="7" name="paxTransport.airlines.deltaAirLines.account_mgmt.SignInSignOutTest" time="12.723" errors="0" timestamp="2020-05-03T04:39:47 EDT" skipped="0">
  <testcase classname="paxTransport.airlines.deltaAirLines.account_mgmt.SignInSignOutTest" name="validLoginTest" time="4.785"/>
  <system-out/>
  <testcase classname="paxTransport.airlines.deltaAirLines.account_mgmt.SignInSignOutTest" name="clickLoginSubmitButton" time="0.187"/>
  <system-out/>
  <testcase classname="paxTransport.airlines.deltaAirLines.account_mgmt.SignInSignOutTest" name="closeLoginSurveyBox" time="6.023"/>
  <system-out/>
  <testcase classname="paxTransport.airlines.deltaAirLines.account_mgmt.SignInSignOutTest" name="displayLogOutButton" time="0.402"/>
  <system-out/>
  <testcase classname="paxTransport.airlines.deltaAirLines.account_mgmt.SignInSignOutTest" name="scrollToLogOutButton" time="0.040"/>
  <system-out/>
  <testcase classname="paxTransport.airlines.deltaAirLines.account_mgmt.SignInSignOutTest" name="logOut" time="0.261"/>
  <system-out/>
  <testcase classname="paxTransport.airlines.deltaAirLines.account_mgmt.SignInSignOutTest" name="logoutConfirmationPage" time="1.025"/>
  <system-out/>
</testsuite> <!-- paxTransport.airlines.deltaAirLines.account_mgmt.SignInSignOutTest -->
