<?xml version="1.0" encoding="UTF-8"?>
<!-- Generated by org.testng.reporters.JUnitReportReporter -->
<testsuite hostname="Fidas-MacBook-Pro.local" failures="0" tests="6" name="paxTransport.airlines.deltaAirLines.account_mgmt.SignInSignOutTest" time="10.511" errors="0" timestamp="2020-05-04T17:14:50 EDT" skipped="0">
  <testcase classname="paxTransport.airlines.deltaAirLines.account_mgmt.SignInSignOutTest" name="validLoginTest" time="3.033"/>
  <system-out/>
  <testcase classname="paxTransport.airlines.deltaAirLines.account_mgmt.SignInSignOutTest" name="clickLoginSubmitButton" time="0.223"/>
  <system-out/>
  <testcase classname="paxTransport.airlines.deltaAirLines.account_mgmt.SignInSignOutTest" name="closeLoginSurveyBox" time="6.159"/>
  <system-out/>
  <testcase classname="paxTransport.airlines.deltaAirLines.account_mgmt.SignInSignOutTest" name="displayLogOutButton" time="0.374"/>
  <system-out/>
  <testcase classname="paxTransport.airlines.deltaAirLines.account_mgmt.SignInSignOutTest" name="logOut" time="0.293"/>
  <system-out/>
  <testcase classname="paxTransport.airlines.deltaAirLines.account_mgmt.SignInSignOutTest" name="logoutConfirmationPage" time="0.429"/>
  <system-out/>
</testsuite> <!-- paxTransport.airlines.deltaAirLines.account_mgmt.SignInSignOutTest -->
