<?xml version="1.0" encoding="UTF-8"?>
<!-- Generated by org.testng.reporters.JUnitReportReporter -->
<testsuite hostname="Fidas-MacBook-Pro.local" failures="0" tests="2" name="paxTransport.airlines.deltaAirLines.account_mgmt.SignInSignOutTest" time="14.979" errors="0" timestamp="2020-04-30T17:21:39 EDT" skipped="0">
  <testcase classname="paxTransport.airlines.deltaAirLines.account_mgmt.SignInSignOutTest" name="validLoginTest" time="4.111"/>
  <system-out/>
  <testcase classname="paxTransport.airlines.deltaAirLines.account_mgmt.SignInSignOutTest" name="logout" time="10.868"/>
  <system-out/>
</testsuite> <!-- paxTransport.airlines.deltaAirLines.account_mgmt.SignInSignOutTest -->
